
/home/runner/work/exp-trapezoidal-plate-iitb/exp-trapezoidal-plate-iitb/experiment/simulation/common_libraries/js/ts_components/collapse_step.js
   1:10  warning  'show_step' is defined but never used                 no-unused-vars
   2:5   warning  '$' is not defined                                    no-undef
   3:9   warning  '$' is not defined                                    no-undef
   6:10  warning  'hide_step' is defined but never used                 no-unused-vars
   7:5   warning  '$' is not defined                                    no-undef
   8:9   warning  '$' is not defined                                    no-undef
  11:10  warning  'get_collapse_btn_text' is defined but never used     no-unused-vars
  20:10  warning  'get_collapse_btn_element' is defined but never used  no-unused-vars
  29:10  warning  'hide_all_steps' is defined but never used            no-unused-vars
  31:9   warning  '$' is not defined                                    no-undef

/home/runner/work/exp-trapezoidal-plate-iitb/exp-trapezoidal-plate-iitb/experiment/simulation/common_libraries/js/ts_components/matrix.js
   27:26  warning  'MathJax' is not defined                                no-undef
   32:7   warning  'Matrix_Without_String' is defined but never used       no-unused-vars
   52:26  warning  'MathJax' is not defined                                no-undef
   56:10  warning  'get_matrix_html' is defined but never used             no-unused-vars
   87:13  warning  'row_html' is assigned a value but never used           no-unused-vars
   99:10  warning  'get_matrix_html_with_title' is defined but never used  no-unused-vars
  131:13  warning  'row_html' is assigned a value but never used           no-unused-vars
  143:10  warning  'convert_2d_to_1d_vector' is defined but never used     no-unused-vars
  156:10  warning  'convert_1d_to_2d_matrix' is defined but never used     no-unused-vars

/home/runner/work/exp-trapezoidal-plate-iitb/exp-trapezoidal-plate-iitb/experiment/simulation/common_libraries/js/ts_components/pannel.js
  8:7  warning  'Pannel' is defined but never used  no-unused-vars

/home/runner/work/exp-trapezoidal-plate-iitb/exp-trapezoidal-plate-iitb/experiment/simulation/common_libraries/js/ts_components/questions.js
   6:17  warning  'op1' is assigned a value but never used      no-unused-vars
   7:17  warning  'op2' is assigned a value but never used      no-unused-vars
   8:17  warning  'op3' is assigned a value but never used      no-unused-vars
   9:17  warning  'op4' is assigned a value but never used      no-unused-vars
  94:7   warning  'Question_Options' is defined but never used  no-unused-vars

/home/runner/work/exp-trapezoidal-plate-iitb/exp-trapezoidal-plate-iitb/experiment/simulation/common_libraries/js/ts_components/tables.js
   19:22  warning  'verify_values' is not defined                                     no-undef
  137:22  warning  'verify_values' is not defined                                     no-undef
  260:7   warning  'Verify_Rows_Cols_6_decimal_places' is defined but never used      no-unused-vars
  311:22  warning  'verify_values' is not defined                                     no-undef
  416:7   warning  'Verify_Rows_Cols_Custom_Fixed_Update1' is defined but never used  no-unused-vars
  468:7   warning  'Show_Table_Custom_Fixed' is defined but never used                no-unused-vars
  506:7   warning  'Verify_Rows_Cols_Strings' is defined but never used               no-unused-vars
  527:22  warning  'verify_values' is not defined                                     no-undef
  663:7   warning  'Display_Table' is defined but never used                          no-unused-vars

/home/runner/work/exp-trapezoidal-plate-iitb/exp-trapezoidal-plate-iitb/experiment/simulation/common_libraries/js/ts_math_library/general_math_functions.js
    1:10  warning  'verify_values' is defined but never used                   no-unused-vars
   17:10  warning  'random1' is defined but never used                         no-unused-vars
   21:10  warning  'std_deviation' is defined but never used                   no-unused-vars
   26:10  warning  'gauss' is defined but never used                           no-unused-vars
   56:10  warning  'hide_panel' is defined but never used                      no-unused-vars
   63:10  warning  'inverse_matrix' is defined but never used                  no-unused-vars
   96:10  warning  'matrix_multiplication' is defined but never used           no-unused-vars
  113:10  warning  'transpose_matrix' is defined but never used                no-unused-vars
  123:10  warning  'matrix_multiplication_8decimal' is defined but never used  no-unused-vars
  140:10  warning  'adjoint_2x2_matrix' is defined but never used              no-unused-vars
  145:10  warning  'find_deteminant' is defined but never used                 no-unused-vars
  174:10  warning  'get_Submatrix' is defined but never used                   no-unused-vars

/home/runner/work/exp-trapezoidal-plate-iitb/exp-trapezoidal-plate-iitb/experiment/simulation/common_libraries/js/ts_math_library/regression.js
   1:10  warning  'regression_linear' is defined but never used            no-unused-vars
  18:10  warning  'regression_linear_1variable' is defined but never used  no-unused-vars
  27:10  warning  'regression_linear_2variable' is defined but never used  no-unused-vars
  52:11  warning  'gauss' is not defined                                   no-undef

/home/runner/work/exp-trapezoidal-plate-iitb/exp-trapezoidal-plate-iitb/experiment/simulation/common_libraries/math.ob.js
  1:745  warning  'b' is already defined  no-redeclare

/home/runner/work/exp-trapezoidal-plate-iitb/exp-trapezoidal-plate-iitb/experiment/simulation/js/activity1.js
   18:24  warning  'MathJax' is not defined                  no-undef
   21:10  warning  'start_act1' is defined but never used    no-unused-vars
   27:20  warning  'get_collapse_btn_text' is not defined    no-undef
   34:89  warning  'a' is not defined                        no-undef
   37:89  warning  'b' is not defined                        no-undef
   40:89  warning  'h' is not defined                        no-undef
  149:5   warning  'hide_all_steps' is not defined           no-undef
  150:5   warning  'show_step' is not defined                no-undef
  151:24  warning  'MathJax' is not defined                  no-undef
  155:5   warning  'a' is not defined                        no-undef
  156:24  warning  'a' is not defined                        no-undef
  158:5   warning  'b' is not defined                        no-undef
  159:24  warning  'b' is not defined                        no-undef
  161:5   warning  'h' is not defined                        no-undef
  162:24  warning  'h' is not defined                        no-undef
  163:5   warning  'h_bar' is not defined                    no-undef
  163:19  warning  'a' is not defined                        no-undef
  163:24  warning  'b' is not defined                        no-undef
  163:30  warning  'a' is not defined                        no-undef
  163:34  warning  'b' is not defined                        no-undef
  163:40  warning  'h' is not defined                        no-undef
  164:28  warning  'h_bar' is not defined                    no-undef
  165:5   warning  'area' is not defined                     no-undef
  165:14  warning  'a' is not defined                        no-undef
  165:18  warning  'b' is not defined                        no-undef
  165:28  warning  'h' is not defined                        no-undef
  166:27  warning  'area' is not defined                     no-undef
  167:5   warning  'f' is not defined                        no-undef
  167:9   warning  'rho' is not defined                      no-undef
  167:15  warning  'g' is not defined                        no-undef
  167:19  warning  'area' is not defined                     no-undef
  167:26  warning  'h_bar' is not defined                    no-undef
  168:24  warning  'f' is not defined                        no-undef
  169:5   warning  'ig' is not defined                       no-undef
  169:21  warning  'a' is not defined                        no-undef
  169:33  warning  'a' is not defined                        no-undef
  169:37  warning  'b' is not defined                        no-undef
  169:50  warning  'b' is not defined                        no-undef
  169:66  warning  'a' is not defined                        no-undef
  169:70  warning  'b' is not defined                        no-undef
  169:86  warning  'h' is not defined                        no-undef
  170:25  warning  'ig' is not defined                       no-undef
  171:5   warning  'h_star' is not defined                   no-undef
  171:15  warning  'ig' is not defined                       no-undef
  171:21  warning  'area' is not defined                     no-undef
  171:28  warning  'h_bar' is not defined                    no-undef
  171:38  warning  'h_bar' is not defined                    no-undef
  172:29  warning  'h_star' is not defined                   no-undef
  174:10  warning  'verify_hbar' is defined but never used   no-unused-vars
  178:10  warning  'verify_values' is not defined            no-undef
  178:86  warning  'h_bar' is not defined                    no-undef
  183:35  warning  'h_bar' is not defined                    no-undef
  191:10  warning  'verify_area' is defined but never used   no-unused-vars
  195:10  warning  'verify_values' is not defined            no-undef
  195:83  warning  'area' is not defined                     no-undef
  200:35  warning  'a' is not defined                        no-undef
  208:10  warning  'verify_force' is defined but never used  no-unused-vars
  212:10  warning  'verify_values' is not defined            no-undef
  212:83  warning  'f' is not defined                        no-undef
  217:35  warning  'f' is not defined                        no-undef
  225:10  warning  'verify_ig' is defined but never used     no-unused-vars
  229:10  warning  'verify_values' is not defined            no-undef
  229:84  warning  'ig' is not defined                       no-undef
  234:35  warning  'ig' is not defined                       no-undef
  242:10  warning  'verify_hstar' is defined but never used  no-unused-vars
  246:10  warning  'verify_values' is not defined            no-undef
  246:87  warning  'h_star' is not defined                   no-undef
  251:35  warning  'h_star' is not defined                   no-undef

/home/runner/work/exp-trapezoidal-plate-iitb/exp-trapezoidal-plate-iitb/experiment/simulation/js/data.js
   1:5  warning  'a' is defined but never used                no-unused-vars
   2:5  warning  'b' is defined but never used                no-unused-vars
   3:5  warning  'h' is defined but never used                no-unused-vars
   4:5  warning  'h_bar' is assigned a value but never used   no-unused-vars
   5:5  warning  'g' is assigned a value but never used       no-unused-vars
   6:5  warning  'f' is assigned a value but never used       no-unused-vars
   7:5  warning  'rho' is assigned a value but never used     no-unused-vars
   8:5  warning  'ig' is assigned a value but never used      no-unused-vars
   9:5  warning  'h_star' is assigned a value but never used  no-unused-vars
  10:5  warning  'area' is defined but never used             no-unused-vars

✖ 129 problems (0 errors, 129 warnings)

